This is pdfTeX, Version 3.14159265-2.6-1.40.21 (MiKTeX 20.12) (preloaded format=pdflatex 2021.1.5)  13 JAN 2021 10:36
entering extended mode
**"C:/Users/vo141609/OneDrive - Renishaw plc/Documents/Diplomska Naloga/ESDSimu
lator v2/ESDSimulator.tex"

("C:/Users/vo141609/OneDrive - Renishaw plc/Documents/Diplomska Naloga/ESDSimul
ator v2/ESDSimulator.tex"
LaTeX2e <2020-10-01> patch level 3
L3 programming layer <2020-12-07> xparse <2020-03-03>
(C:\Users\vo141609\AppData\Local\Programs\MiKTeX\tex/latex/base\book.cls
Document Class: book 2020/04/10 v1.4m Standard LaTeX document class
(C:\Users\vo141609\AppData\Local\Programs\MiKTeX\tex/latex/base\bk12.clo
File: bk12.clo 2020/04/10 v1.4m Standard LaTeX file (size option)
)
\c@part=\count177
\c@chapter=\count178
\c@section=\count179
\c@subsection=\count180
\c@subsubsection=\count181
\c@paragraph=\count182
\c@subparagraph=\count183
\c@figure=\count184
\c@table=\count185
\abovecaptionskip=\skip47
\belowcaptionskip=\skip48
\bibindent=\dimen138
)
("C:/Users/vo141609/OneDrive - Renishaw plc/Documents/Diplomska Naloga/ESDSimul
ator v2\UNI-LJ-FE-Diploma.sty"

UNI-LJ-FE-Diploma 09/2017
Stilska opcija za zakljucna dela na Fakulteti za elektrotehniko Univerze v Ljub
ljani
Izvedena iz DOKT-STYLE OPTION V.1.01 9.1.1992
Avtor: Saso Tomazic
Dopolnil: Jus Kocijan
Dopolnil: Ales Hribar, 2006
Dopolnil: Sebastjan Slajpah, 2013
Dopolnil in precistil: Saso Tomazic, 2013
Popravil po novi predlogi: Peter Miklavcic, 2019
(C:\Users\vo141609\AppData\Local\Programs\MiKTeX\tex/latex/amsmath\amsmath.sty
Package: amsmath 2020/09/23 v2.17i AMS math features
\@mathmargin=\skip49

For additional information on amsmath, use the `?' option.
(C:\Users\vo141609\AppData\Local\Programs\MiKTeX\tex/latex/amsmath\amstext.sty
Package: amstext 2000/06/29 v2.01 AMS text

(C:\Users\vo141609\AppData\Local\Programs\MiKTeX\tex/latex/amsmath\amsgen.sty
File: amsgen.sty 1999/11/30 v2.0 generic functions
\@emptytoks=\toks15
\ex@=\dimen139
)) (C:\Users\vo141609\AppData\Local\Programs\MiKTeX\tex/latex/amsmath\amsbsy.st
y
Package: amsbsy 1999/11/29 v1.2d Bold Symbols
\pmbraise@=\dimen140
) (C:\Users\vo141609\AppData\Local\Programs\MiKTeX\tex/latex/amsmath\amsopn.sty
Package: amsopn 2016/03/08 v2.02 operator names
)
\inf@bad=\count186
LaTeX Info: Redefining \frac on input line 234.
\uproot@=\count187
\leftroot@=\count188
LaTeX Info: Redefining \overline on input line 399.
\classnum@=\count189
\DOTSCASE@=\count190
LaTeX Info: Redefining \ldots on input line 496.
LaTeX Info: Redefining \dots on input line 499.
LaTeX Info: Redefining \cdots on input line 620.
\Mathstrutbox@=\box47
\strutbox@=\box48
\big@size=\dimen141
LaTeX Font Info:    Redeclaring font encoding OML on input line 743.
LaTeX Font Info:    Redeclaring font encoding OMS on input line 744.
\macc@depth=\count191
\c@MaxMatrixCols=\count192
\dotsspace@=\muskip16
\c@parentequation=\count193
\dspbrk@lvl=\count194
\tag@help=\toks16
\row@=\count195
\column@=\count196
\maxfields@=\count197
\andhelp@=\toks17
\eqnshift@=\dimen142
\alignsep@=\dimen143
\tagshift@=\dimen144
\tagwidth@=\dimen145
\totwidth@=\dimen146
\lineht@=\dimen147
\@envbody=\toks18
\multlinegap=\skip50
\multlinetaggap=\skip51
\mathdisplay@stack=\toks19
LaTeX Info: Redefining \[ on input line 2923.
LaTeX Info: Redefining \] on input line 2924.
)
(C:\Users\vo141609\AppData\Local\Programs\MiKTeX\tex/latex/graphics\graphicx.st
y
Package: graphicx 2020/09/09 v1.2b Enhanced LaTeX Graphics (DPC,SPQR)

(C:\Users\vo141609\AppData\Local\Programs\MiKTeX\tex/latex/graphics\keyval.sty
Package: keyval 2014/10/28 v1.15 key=value parser (DPC)
\KV@toks@=\toks20
)
(C:\Users\vo141609\AppData\Local\Programs\MiKTeX\tex/latex/graphics\graphics.st
y
Package: graphics 2020/08/30 v1.4c Standard LaTeX Graphics (DPC,SPQR)
 (C:\Users\vo141609\AppData\Local\Programs\MiKTeX\tex/latex/graphics\trig.sty
Package: trig 2016/01/03 v1.10 sin cos tan (DPC)
)
(C:\Users\vo141609\AppData\Local\Programs\MiKTeX\tex/latex/graphics-cfg\graphic
s.cfg
File: graphics.cfg 2016/06/04 v1.11 sample graphics configuration
)
Package graphics Info: Driver file: pdftex.def on input line 105.

(C:\Users\vo141609\AppData\Local\Programs\MiKTeX\tex/latex/graphics-def\pdftex.
def
File: pdftex.def 2020/10/05 v1.2a Graphics/color driver for pdftex
))
\Gin@req@height=\dimen148
\Gin@req@width=\dimen149
)
(C:\Users\vo141609\AppData\Local\Programs\MiKTeX\tex/latex/epstopdf-pkg\epstopd
f.sty
Package: epstopdf 2020-01-24 v2.11 Conversion with epstopdf on the fly (HO)

(C:\Users\vo141609\AppData\Local\Programs\MiKTeX\tex/generic/infwarerr\infwarer
r.sty
Package: infwarerr 2019/12/03 v1.5 Providing info/warning/error messages (HO)
)
(C:\Users\vo141609\AppData\Local\Programs\MiKTeX\tex/latex/grfext\grfext.sty
Package: grfext 2019/12/03 v1.3 Manage graphics extensions (HO)

(C:\Users\vo141609\AppData\Local\Programs\MiKTeX\tex/generic/kvdefinekeys\kvdef
inekeys.sty
Package: kvdefinekeys 2019-12-19 v1.6 Define keys (HO)
))
(C:\Users\vo141609\AppData\Local\Programs\MiKTeX\tex/latex/kvoptions\kvoptions.
sty
Package: kvoptions 2020-10-07 v3.14 Key value format for package options (HO)

(C:\Users\vo141609\AppData\Local\Programs\MiKTeX\tex/generic/ltxcmds\ltxcmds.st
y
Package: ltxcmds 2020-05-10 v1.25 LaTeX kernel commands for general use (HO)
)
(C:\Users\vo141609\AppData\Local\Programs\MiKTeX\tex/generic/kvsetkeys\kvsetkey
s.sty
Package: kvsetkeys 2019/12/15 v1.18 Key value parser (HO)
))
(C:\Users\vo141609\AppData\Local\Programs\MiKTeX\tex/generic/pdftexcmds\pdftexc
mds.sty
Package: pdftexcmds 2020-06-27 v0.33 Utility functions of pdfTeX for LuaTeX (HO
)

(C:\Users\vo141609\AppData\Local\Programs\MiKTeX\tex/generic/iftex\iftex.sty
Package: iftex 2020/03/06 v1.0d TeX engine tests
)
Package pdftexcmds Info: \pdf@primitive is available.
Package pdftexcmds Info: \pdf@ifprimitive is available.
Package pdftexcmds Info: \pdfdraftmode found.
)
(C:\Users\vo141609\AppData\Local\Programs\MiKTeX\tex/latex/epstopdf-pkg\epstopd
f-base.sty
Package: epstopdf-base 2020-01-24 v2.11 Base part for package epstopdf
Package epstopdf-base Info: Redefining graphics rule for `.eps' on input line 4
85.
Package grfext Info: Graphics extension search list:
(grfext)             [.pdf,.png,.jpg,.mps,.jpeg,.jbig2,.jb2,.PDF,.PNG,.JPG,.JPE
G,.JBIG2,.JB2,.eps]
(grfext)             \AppendGraphicsExtensions on input line 504.
))
\epsffilein=\read2
\epsfxsize=\dimen150
\epsfysize=\dimen151
\epsftsize=\dimen152
\epsfrsize=\dimen153
\epsftmp=\dimen154
\pspoints=\dimen155
\xcelo=\count198
\xdec=\count199
\xxdec=\count266
\xxxdec=\count267
\ycelo=\count268
\ydec=\count269
\yydec=\count270
\yyydec=\count271
\tmpcount=\count272
)
(C:\Users\vo141609\AppData\Local\Programs\MiKTeX\tex/latex/base\inputenc.sty
Package: inputenc 2020/08/01 v1.3d Input encoding file
\inpenc@prehook=\toks21
\inpenc@posthook=\toks22
)
(C:\Users\vo141609\AppData\Local\Programs\MiKTeX\tex/generic/babel\babel.sty
Package: babel 2020/12/16 3.52 The Babel package

(C:\Users\vo141609\AppData\Local\Programs\MiKTeX\tex/generic/babel\babel.def
File: babel.def 2020/12/16 3.52 Babel common definitions
\babel@savecnt=\count273
\U@D=\dimen156
\l@babelnohyphens=\language79

(C:\Users\vo141609\AppData\Local\Programs\MiKTeX\tex/generic/babel\txtbabel.def
)
\bbl@readstream=\read3
)
\bbl@dirlevel=\count274

*************************************
* Local config file bblopts.cfg used
*
(C:\Users\vo141609\AppData\Local\Programs\MiKTeX\tex/latex/arabi\bblopts.cfg
File: bblopts.cfg 2005/09/08 v0.1 add Arabic and Farsi to "declared" options of
 babel
)
(C:\Users\vo141609\AppData\Local\Programs\MiKTeX\tex/latex/babel-slovenian\slov
ene.ldf
Language: slovene 2005/03/31 v1.2m Slovene support from the babel system
Package babel Info: Making " an active character on input line 79.
)
(C:\Users\vo141609\AppData\Local\Programs\MiKTeX\tex/latex/babel-greek\greek.ld
f
Language: greek 2020/11/10 v1.10 Greek support for the babel system
\bbl@monogreek=\count275
\bbl@polygreek=\count276
\bbl@ancientgreek=\count277

(C:\Users\vo141609\AppData\Local\Programs\MiKTeX\tex/latex/greek-fontenc\lgrenc
.def
File: lgrenc.def 2020/10/13 2.0 LGR Greek font encoding definitions
Now handling font encoding LGR ...
... processing UTF-8 mapping file for font encoding LGR

(C:\Users\vo141609\AppData\Local\Programs\MiKTeX\tex/latex/greek-inputenc\lgren
c.dfu
File: lgrenc.dfu 2019/07/11 1.7 UTF-8 support for Greek
   defining Unicode char U+00A8 (decimal 168)
   defining Unicode char U+00AB (decimal 171)
   defining Unicode char U+00AF (decimal 175)
   defining Unicode char U+00B4 (decimal 180)
   defining Unicode char U+00B7 (decimal 183)
   defining Unicode char U+00BB (decimal 187)
   defining Unicode char U+0259 (decimal 601)
   defining Unicode char U+02D8 (decimal 728)
   defining Unicode char U+0374 (decimal 884)
   defining Unicode char U+0375 (decimal 885)
   defining Unicode char U+037A (decimal 890)
   defining Unicode char U+037E (decimal 894)
   defining Unicode char U+0384 (decimal 900)
   defining Unicode char U+0385 (decimal 901)
   defining Unicode char U+0386 (decimal 902)
   defining Unicode char U+0387 (decimal 903)
   defining Unicode char U+0388 (decimal 904)
   defining Unicode char U+0389 (decimal 905)
   defining Unicode char U+038A (decimal 906)
   defining Unicode char U+038C (decimal 908)
   defining Unicode char U+038E (decimal 910)
   defining Unicode char U+038F (decimal 911)
   defining Unicode char U+0390 (decimal 912)
   defining Unicode char U+0391 (decimal 913)
   defining Unicode char U+0392 (decimal 914)
   defining Unicode char U+0393 (decimal 915)
   defining Unicode char U+0394 (decimal 916)
   defining Unicode char U+0395 (decimal 917)
   defining Unicode char U+0396 (decimal 918)
   defining Unicode char U+0397 (decimal 919)
   defining Unicode char U+0398 (decimal 920)
   defining Unicode char U+0399 (decimal 921)
   defining Unicode char U+039A (decimal 922)
   defining Unicode char U+039B (decimal 923)
   defining Unicode char U+039C (decimal 924)
   defining Unicode char U+039D (decimal 925)
   defining Unicode char U+039E (decimal 926)
   defining Unicode char U+039F (decimal 927)
   defining Unicode char U+03A0 (decimal 928)
   defining Unicode char U+03A1 (decimal 929)
   defining Unicode char U+03A3 (decimal 931)
   defining Unicode char U+03A4 (decimal 932)
   defining Unicode char U+03A5 (decimal 933)
   defining Unicode char U+03A6 (decimal 934)
   defining Unicode char U+03A7 (decimal 935)
   defining Unicode char U+03A8 (decimal 936)
   defining Unicode char U+03A9 (decimal 937)
   defining Unicode char U+03AA (decimal 938)
   defining Unicode char U+03AB (decimal 939)
   defining Unicode char U+03AC (decimal 940)
   defining Unicode char U+03AD (decimal 941)
   defining Unicode char U+03AE (decimal 942)
   defining Unicode char U+03AF (decimal 943)
   defining Unicode char U+03B0 (decimal 944)
   defining Unicode char U+03B1 (decimal 945)
   defining Unicode char U+03B2 (decimal 946)
   defining Unicode char U+03B3 (decimal 947)
   defining Unicode char U+03B4 (decimal 948)
   defining Unicode char U+03B5 (decimal 949)
   defining Unicode char U+03B6 (decimal 950)
   defining Unicode char U+03B7 (decimal 951)
   defining Unicode char U+03B8 (decimal 952)
   defining Unicode char U+03B9 (decimal 953)
   defining Unicode char U+03BA (decimal 954)
   defining Unicode char U+03BB (decimal 955)
   defining Unicode char U+03BC (decimal 956)
   defining Unicode char U+03BD (decimal 957)
   defining Unicode char U+03BE (decimal 958)
   defining Unicode char U+03BF (decimal 959)
   defining Unicode char U+03C0 (decimal 960)
   defining Unicode char U+03C1 (decimal 961)
   defining Unicode char U+03C2 (decimal 962)
   defining Unicode char U+03C3 (decimal 963)
   defining Unicode char U+03C4 (decimal 964)
   defining Unicode char U+03C5 (decimal 965)
   defining Unicode char U+03C6 (decimal 966)
   defining Unicode char U+03C7 (decimal 967)
   defining Unicode char U+03C8 (decimal 968)
   defining Unicode char U+03C9 (decimal 969)
   defining Unicode char U+03CA (decimal 970)
   defining Unicode char U+03CB (decimal 971)
   defining Unicode char U+03CC (decimal 972)
   defining Unicode char U+03CD (decimal 973)
   defining Unicode char U+03CE (decimal 974)
   defining Unicode char U+03D0 (decimal 976)
   defining Unicode char U+03D1 (decimal 977)
   defining Unicode char U+03D5 (decimal 981)
   defining Unicode char U+03D6 (decimal 982)
   defining Unicode char U+03D8 (decimal 984)
   defining Unicode char U+03D9 (decimal 985)
   defining Unicode char U+03DA (decimal 986)
   defining Unicode char U+03DB (decimal 987)
   defining Unicode char U+03DC (decimal 988)
   defining Unicode char U+03DD (decimal 989)
   defining Unicode char U+03DF (decimal 991)
   defining Unicode char U+03E0 (decimal 992)
   defining Unicode char U+03E1 (decimal 993)
   defining Unicode char U+03F0 (decimal 1008)
   defining Unicode char U+03F1 (decimal 1009)
   defining Unicode char U+03F4 (decimal 1012)
   defining Unicode char U+03F5 (decimal 1013)
   defining Unicode char U+1F00 (decimal 7936)
   defining Unicode char U+1F01 (decimal 7937)
   defining Unicode char U+1F02 (decimal 7938)
   defining Unicode char U+1F03 (decimal 7939)
   defining Unicode char U+1F04 (decimal 7940)
   defining Unicode char U+1F05 (decimal 7941)
   defining Unicode char U+1F06 (decimal 7942)
   defining Unicode char U+1F07 (decimal 7943)
   defining Unicode char U+1F08 (decimal 7944)
   defining Unicode char U+1F09 (decimal 7945)
   defining Unicode char U+1F0A (decimal 7946)
   defining Unicode char U+1F0B (decimal 7947)
   defining Unicode char U+1F0C (decimal 7948)
   defining Unicode char U+1F0D (decimal 7949)
   defining Unicode char U+1F0E (decimal 7950)
   defining Unicode char U+1F0F (decimal 7951)
   defining Unicode char U+1F10 (decimal 7952)
   defining Unicode char U+1F11 (decimal 7953)
   defining Unicode char U+1F12 (decimal 7954)
   defining Unicode char U+1F13 (decimal 7955)
   defining Unicode char U+1F14 (decimal 7956)
   defining Unicode char U+1F15 (decimal 7957)
   defining Unicode char U+1F18 (decimal 7960)
   defining Unicode char U+1F19 (decimal 7961)
   defining Unicode char U+1F1A (decimal 7962)
   defining Unicode char U+1F1B (decimal 7963)
   defining Unicode char U+1F1C (decimal 7964)
   defining Unicode char U+1F1D (decimal 7965)
   defining Unicode char U+1F20 (decimal 7968)
   defining Unicode char U+1F21 (decimal 7969)
   defining Unicode char U+1F22 (decimal 7970)
   defining Unicode char U+1F23 (decimal 7971)
   defining Unicode char U+1F24 (decimal 7972)
   defining Unicode char U+1F25 (decimal 7973)
   defining Unicode char U+1F26 (decimal 7974)
   defining Unicode char U+1F27 (decimal 7975)
   defining Unicode char U+1F28 (decimal 7976)
   defining Unicode char U+1F29 (decimal 7977)
   defining Unicode char U+1F2A (decimal 7978)
   defining Unicode char U+1F2B (decimal 7979)
   defining Unicode char U+1F2C (decimal 7980)
   defining Unicode char U+1F2D (decimal 7981)
   defining Unicode char U+1F2E (decimal 7982)
   defining Unicode char U+1F2F (decimal 7983)
   defining Unicode char U+1F30 (decimal 7984)
   defining Unicode char U+1F31 (decimal 7985)
   defining Unicode char U+1F32 (decimal 7986)
   defining Unicode char U+1F33 (decimal 7987)
   defining Unicode char U+1F34 (decimal 7988)
   defining Unicode char U+1F35 (decimal 7989)
   defining Unicode char U+1F36 (decimal 7990)
   defining Unicode char U+1F37 (decimal 7991)
   defining Unicode char U+1F38 (decimal 7992)
   defining Unicode char U+1F39 (decimal 7993)
   defining Unicode char U+1F3A (decimal 7994)
   defining Unicode char U+1F3B (decimal 7995)
   defining Unicode char U+1F3C (decimal 7996)
   defining Unicode char U+1F3D (decimal 7997)
   defining Unicode char U+1F3E (decimal 7998)
   defining Unicode char U+1F3F (decimal 7999)
   defining Unicode char U+1F40 (decimal 8000)
   defining Unicode char U+1F41 (decimal 8001)
   defining Unicode char U+1F42 (decimal 8002)
   defining Unicode char U+1F43 (decimal 8003)
   defining Unicode char U+1F44 (decimal 8004)
   defining Unicode char U+1F45 (decimal 8005)
   defining Unicode char U+1F48 (decimal 8008)
   defining Unicode char U+1F49 (decimal 8009)
   defining Unicode char U+1F4A (decimal 8010)
   defining Unicode char U+1F4B (decimal 8011)
   defining Unicode char U+1F4C (decimal 8012)
   defining Unicode char U+1F4D (decimal 8013)
   defining Unicode char U+1F50 (decimal 8016)
   defining Unicode char U+1F51 (decimal 8017)
   defining Unicode char U+1F52 (decimal 8018)
   defining Unicode char U+1F53 (decimal 8019)
   defining Unicode char U+1F54 (decimal 8020)
   defining Unicode char U+1F55 (decimal 8021)
   defining Unicode char U+1F56 (decimal 8022)
   defining Unicode char U+1F57 (decimal 8023)
   defining Unicode char U+1F59 (decimal 8025)
   defining Unicode char U+1F5B (decimal 8027)
   defining Unicode char U+1F5D (decimal 8029)
   defining Unicode char U+1F5F (decimal 8031)
   defining Unicode char U+1F60 (decimal 8032)
   defining Unicode char U+1F61 (decimal 8033)
   defining Unicode char U+1F62 (decimal 8034)
   defining Unicode char U+1F63 (decimal 8035)
   defining Unicode char U+1F64 (decimal 8036)
   defining Unicode char U+1F65 (decimal 8037)
   defining Unicode char U+1F66 (decimal 8038)
   defining Unicode char U+1F67 (decimal 8039)
   defining Unicode char U+1F68 (decimal 8040)
   defining Unicode char U+1F69 (decimal 8041)
   defining Unicode char U+1F6A (decimal 8042)
   defining Unicode char U+1F6B (decimal 8043)
   defining Unicode char U+1F6C (decimal 8044)
   defining Unicode char U+1F6D (decimal 8045)
   defining Unicode char U+1F6E (decimal 8046)
   defining Unicode char U+1F6F (decimal 8047)
   defining Unicode char U+1F70 (decimal 8048)
   defining Unicode char U+1F71 (decimal 8049)
   defining Unicode char U+1F72 (decimal 8050)
   defining Unicode char U+1F73 (decimal 8051)
   defining Unicode char U+1F74 (decimal 8052)
   defining Unicode char U+1F75 (decimal 8053)
   defining Unicode char U+1F76 (decimal 8054)
   defining Unicode char U+1F77 (decimal 8055)
   defining Unicode char U+1F78 (decimal 8056)
   defining Unicode char U+1F79 (decimal 8057)
   defining Unicode char U+1F7A (decimal 8058)
   defining Unicode char U+1F7B (decimal 8059)
   defining Unicode char U+1F7C (decimal 8060)
   defining Unicode char U+1F7D (decimal 8061)
   defining Unicode char U+1F80 (decimal 8064)
   defining Unicode char U+1F81 (decimal 8065)
   defining Unicode char U+1F82 (decimal 8066)
   defining Unicode char U+1F83 (decimal 8067)
   defining Unicode char U+1F84 (decimal 8068)
   defining Unicode char U+1F85 (decimal 8069)
   defining Unicode char U+1F86 (decimal 8070)
   defining Unicode char U+1F87 (decimal 8071)
   defining Unicode char U+1F88 (decimal 8072)
   defining Unicode char U+1F89 (decimal 8073)
   defining Unicode char U+1F8A (decimal 8074)
   defining Unicode char U+1F8B (decimal 8075)
   defining Unicode char U+1F8C (decimal 8076)
   defining Unicode char U+1F8D (decimal 8077)
   defining Unicode char U+1F8E (decimal 8078)
   defining Unicode char U+1F8F (decimal 8079)
   defining Unicode char U+1F90 (decimal 8080)
   defining Unicode char U+1F91 (decimal 8081)
   defining Unicode char U+1F92 (decimal 8082)
   defining Unicode char U+1F93 (decimal 8083)
   defining Unicode char U+1F94 (decimal 8084)
   defining Unicode char U+1F95 (decimal 8085)
   defining Unicode char U+1F96 (decimal 8086)
   defining Unicode char U+1F97 (decimal 8087)
   defining Unicode char U+1F98 (decimal 8088)
   defining Unicode char U+1F99 (decimal 8089)
   defining Unicode char U+1F9A (decimal 8090)
   defining Unicode char U+1F9B (decimal 8091)
   defining Unicode char U+1F9C (decimal 8092)
   defining Unicode char U+1F9D (decimal 8093)
   defining Unicode char U+1F9E (decimal 8094)
   defining Unicode char U+1F9F (decimal 8095)
   defining Unicode char U+1FA0 (decimal 8096)
   defining Unicode char U+1FA1 (decimal 8097)
   defining Unicode char U+1FA2 (decimal 8098)
   defining Unicode char U+1FA3 (decimal 8099)
   defining Unicode char U+1FA4 (decimal 8100)
   defining Unicode char U+1FA5 (decimal 8101)
   defining Unicode char U+1FA6 (decimal 8102)
   defining Unicode char U+1FA7 (decimal 8103)
   defining Unicode char U+1FA8 (decimal 8104)
   defining Unicode char U+1FA9 (decimal 8105)
   defining Unicode char U+1FAA (decimal 8106)
   defining Unicode char U+1FAB (decimal 8107)
   defining Unicode char U+1FAC (decimal 8108)
   defining Unicode char U+1FAD (decimal 8109)
   defining Unicode char U+1FAE (decimal 8110)
   defining Unicode char U+1FAF (decimal 8111)
   defining Unicode char U+1FB0 (decimal 8112)
   defining Unicode char U+1FB1 (decimal 8113)
   defining Unicode char U+1FB2 (decimal 8114)
   defining Unicode char U+1FB3 (decimal 8115)
   defining Unicode char U+1FB4 (decimal 8116)
   defining Unicode char U+1FB6 (decimal 8118)
   defining Unicode char U+1FB7 (decimal 8119)
   defining Unicode char U+1FB8 (decimal 8120)
   defining Unicode char U+1FB9 (decimal 8121)
   defining Unicode char U+1FBA (decimal 8122)
   defining Unicode char U+1FBB (decimal 8123)
   defining Unicode char U+1FBC (decimal 8124)
   defining Unicode char U+1FBD (decimal 8125)
   defining Unicode char U+1FBE (decimal 8126)
   defining Unicode char U+1FBF (decimal 8127)
   defining Unicode char U+1FC0 (decimal 8128)
   defining Unicode char U+1FC1 (decimal 8129)
   defining Unicode char U+1FC2 (decimal 8130)
   defining Unicode char U+1FC3 (decimal 8131)
   defining Unicode char U+1FC4 (decimal 8132)
   defining Unicode char U+1FC6 (decimal 8134)
   defining Unicode char U+1FC7 (decimal 8135)
   defining Unicode char U+1FC8 (decimal 8136)
   defining Unicode char U+1FC9 (decimal 8137)
   defining Unicode char U+1FCA (decimal 8138)
   defining Unicode char U+1FCB (decimal 8139)
   defining Unicode char U+1FCC (decimal 8140)
   defining Unicode char U+1FCD (decimal 8141)
   defining Unicode char U+1FCE (decimal 8142)
   defining Unicode char U+1FCF (decimal 8143)
   defining Unicode char U+1FD0 (decimal 8144)
   defining Unicode char U+1FD1 (decimal 8145)
   defining Unicode char U+1FD2 (decimal 8146)
   defining Unicode char U+1FD3 (decimal 8147)
   defining Unicode char U+1FD6 (decimal 8150)
   defining Unicode char U+1FD7 (decimal 8151)
   defining Unicode char U+1FD8 (decimal 8152)
   defining Unicode char U+1FD9 (decimal 8153)
   defining Unicode char U+1FDA (decimal 8154)
   defining Unicode char U+1FDB (decimal 8155)
   defining Unicode char U+1FDD (decimal 8157)
   defining Unicode char U+1FDE (decimal 8158)
   defining Unicode char U+1FDF (decimal 8159)
   defining Unicode char U+1FE0 (decimal 8160)
   defining Unicode char U+1FE1 (decimal 8161)
   defining Unicode char U+1FE2 (decimal 8162)
   defining Unicode char U+1FE3 (decimal 8163)
   defining Unicode char U+1FE4 (decimal 8164)
   defining Unicode char U+1FE5 (decimal 8165)
   defining Unicode char U+1FE6 (decimal 8166)
   defining Unicode char U+1FE7 (decimal 8167)
   defining Unicode char U+1FE8 (decimal 8168)
   defining Unicode char U+1FE9 (decimal 8169)
   defining Unicode char U+1FEA (decimal 8170)
   defining Unicode char U+1FEB (decimal 8171)
   defining Unicode char U+1FEC (decimal 8172)
   defining Unicode char U+1FED (decimal 8173)
   defining Unicode char U+1FEE (decimal 8174)
   defining Unicode char U+1FEF (decimal 8175)
   defining Unicode char U+1FF2 (decimal 8178)
   defining Unicode char U+1FF3 (decimal 8179)
   defining Unicode char U+1FF4 (decimal 8180)
   defining Unicode char U+1FF6 (decimal 8182)
   defining Unicode char U+1FF7 (decimal 8183)
   defining Unicode char U+1FF8 (decimal 8184)
   defining Unicode char U+1FF9 (decimal 8185)
   defining Unicode char U+1FFA (decimal 8186)
   defining Unicode char U+1FFB (decimal 8187)
   defining Unicode char U+1FFC (decimal 8188)
   defining Unicode char U+1FFD (decimal 8189)
   defining Unicode char U+1FFE (decimal 8190)
   defining Unicode char U+2013 (decimal 8211)
   defining Unicode char U+2014 (decimal 8212)
   defining Unicode char U+2018 (decimal 8216)
   defining Unicode char U+2019 (decimal 8217)
   defining Unicode char U+201A (decimal 8218)
   defining Unicode char U+2030 (decimal 8240)
   defining Unicode char U+2039 (decimal 8249)
   defining Unicode char U+203A (decimal 8250)
   defining Unicode char U+20AC (decimal 8364)
   defining Unicode char U+2126 (decimal 8486)
   defining Unicode char U+10144 (decimal 65860)
   defining Unicode char U+10145 (decimal 65861)
   defining Unicode char U+10146 (decimal 65862)
   defining Unicode char U+10147 (decimal 65863)
)
(C:\Users\vo141609\AppData\Local\Programs\MiKTeX\tex/latex/greek-fontenc\greek-
fontenc.def
File: greek-fontenc.def 2020/10/30 2.0 Common Greek font encoding definitions
))
LaTeX Info: Redefining \& on input line 125.
)
(C:\Users\vo141609\AppData\Local\Programs\MiKTeX\tex/latex/babel-english\englis
h.ldf
Language: english 2017/06/06 v3.3r English support from the babel system
Package babel Info: \l@canadian = using hyphenrules for english
(babel)             (\language0) on input line 102.
Package babel Info: \l@australian = using hyphenrules for ukenglish
(babel)             (\language73) on input line 105.
Package babel Info: \l@newzealand = using hyphenrules for ukenglish
(babel)             (\language73) on input line 108.
)

Package babel Warning: Last declared language option is `slovene',
(babel)                but the last processed one was `english'.
(babel)                The main language cannot be set as both a global
(babel)                and a package option. Use `main=slovene' as
(babel)                option. Reported on input line 1135.

)
(C:\Users\vo141609\AppData\Local\Programs\MiKTeX\tex/latex/filecontents\filecon
tents.sty
Package: filecontents 2019/09/20 v1.5 Create an external file from within a LaT
eX document


Package filecontents Warning: This package is obsolete. Disabling it and
(filecontents)                passing control to the filecontents environment
(filecontents)                defined by the LaTeX kernel.

)

LaTeX Warning: File `ESDSimulator.xmpdata' already exists on the system.
               Not generating it from this source.

(C:\Users\vo141609\AppData\Local\Programs\MiKTeX\tex/latex/pdfx\pdfx.sty
Package: pdfx 2019/02/27 v1.6.3 PDF/X and PDF/A support (CVR/HTH/RRM/PS)
\pdfx@minorversion=\count278

(C:\Users\vo141609\AppData\Local\Programs\MiKTeX\tex/generic/iftex\ifpdf.sty
Package: ifpdf 2019/10/25 v3.4 ifpdf legacy package. Use iftex instead.
)
(C:\Users\vo141609\AppData\Local\Programs\MiKTeX\tex/generic/iftex\ifxetex.sty
Package: ifxetex 2019/10/25 v0.7 ifxetex legacy package. Use iftex instead.
)
(C:\Users\vo141609\AppData\Local\Programs\MiKTeX\tex/latex/base\everyshi-ltx.st
y
Package: everyshi-ltx 2020/08/17 v1.0a Emulation of the original everyshi packa
ge
with kernel methods
)
(C:\Users\vo141609\AppData\Local\Programs\MiKTeX\tex/generic/iftex\ifluatex.sty
Package: ifluatex 2019/10/25 v1.5 ifluatex legacy package. Use iftex instead.
){C:/Users/vo141609/AppData/Local/MiKTeX/pdftex/config/pdftex.map}
(C:\Users\vo141609\AppData\Local\Programs\MiKTeX\tex/latex/pdfx\l8u-penc.def
File: l8u-penc.def 2017/06/23 v0.8 Custom LaTeX file, for UTF8 encoded letters 
and symbols
LaTeX Info: Composite with undeclared \b in encoding L8U on input line 278.
)
\pdfxsafeforxmp@toks=\toks23

(C:\Users\vo141609\AppData\Local\Programs\MiKTeX\tex/latex/xcolor\xcolor.sty
Package: xcolor 2016/05/11 v2.12 LaTeX color extensions (UK)

(C:\Users\vo141609\AppData\Local\Programs\MiKTeX\tex/latex/graphics-cfg\color.c
fg
File: color.cfg 2016/01/02 v1.6 sample color configuration
)
Package xcolor Info: Driver file: pdftex.def on input line 225.
Package xcolor Info: Model `cmy' substituted by `cmy0' on input line 1348.
Package xcolor Info: Model `hsb' substituted by `rgb' on input line 1352.
Package xcolor Info: Model `RGB' extended on input line 1364.
Package xcolor Info: Model `HTML' substituted by `rgb' on input line 1366.
Package xcolor Info: Model `Hsb' substituted by `hsb' on input line 1367.
Package xcolor Info: Model `tHsb' substituted by `hsb' on input line 1368.
Package xcolor Info: Model `HSB' substituted by `hsb' on input line 1369.
Package xcolor Info: Model `Gray' substituted by `gray' on input line 1370.
Package xcolor Info: Model `wave' substituted by `hsb' on input line 1371.
)
\pdfx@tmptoks=\toks24

(C:\Users\vo141609\AppData\Local\Programs\MiKTeX\tex/latex/hyperref\hyperref.st
y
Package: hyperref 2020-05-15 v7.00e Hypertext links for LaTeX

(C:\Users\vo141609\AppData\Local\Programs\MiKTeX\tex/generic/pdfescape\pdfescap
e.sty
Package: pdfescape 2019/12/09 v1.15 Implements pdfTeX's escape features (HO)
)
(C:\Users\vo141609\AppData\Local\Programs\MiKTeX\tex/latex/hycolor\hycolor.sty
Package: hycolor 2020-01-27 v1.10 Color options for hyperref/bookmark (HO)
)
(C:\Users\vo141609\AppData\Local\Programs\MiKTeX\tex/latex/letltxmacro\letltxma
cro.sty
Package: letltxmacro 2019/12/03 v1.6 Let assignment for LaTeX macros (HO)
)
(C:\Users\vo141609\AppData\Local\Programs\MiKTeX\tex/latex/auxhook\auxhook.sty
Package: auxhook 2019-12-17 v1.6 Hooks for auxiliary files (HO)
)
\@linkdim=\dimen157
\Hy@linkcounter=\count279
\Hy@pagecounter=\count280
(C:\Users\vo141609\AppData\Local\Programs\MiKTeX\tex/latex/hyperref\pd1enc.def
File: pd1enc.def 2020-05-15 v7.00e Hyperref: PDFDocEncoding definition (HO)
)
(C:\Users\vo141609\AppData\Local\Programs\MiKTeX\tex/generic/intcalc\intcalc.st
y
Package: intcalc 2019/12/15 v1.3 Expandable calculations with integers (HO)
)
(C:\Users\vo141609\AppData\Local\Programs\MiKTeX\tex/generic/etexcmds\etexcmds.
sty
Package: etexcmds 2019/12/15 v1.7 Avoid name clashes with e-TeX commands (HO)
)
\Hy@SavedSpaceFactor=\count281
Package hyperref Info: Option `pdfa' set `true' on input line 4338.
Package hyperref Info: Hyper figures OFF on input line 4464.
Package hyperref Info: Link nesting OFF on input line 4469.
Package hyperref Info: Hyper index ON on input line 4472.
Package hyperref Info: Plain pages OFF on input line 4479.
Package hyperref Info: Backreferencing OFF on input line 4484.
Package hyperref Info: Implicit mode ON; LaTeX internals redefined.
Package hyperref Info: Bookmarks ON on input line 4717.
\c@Hy@tempcnt=\count282
 (C:\Users\vo141609\AppData\Local\Programs\MiKTeX\tex/latex/url\url.sty
\Urlmuskip=\muskip17
Package: url 2013/09/16  ver 3.4  Verb mode for urls, etc.
)
LaTeX Info: Redefining \url on input line 5076.
\XeTeXLinkMargin=\dimen158

(C:\Users\vo141609\AppData\Local\Programs\MiKTeX\tex/generic/bitset\bitset.sty
Package: bitset 2019/12/09 v1.3 Handle bit-vector datatype (HO)

(C:\Users\vo141609\AppData\Local\Programs\MiKTeX\tex/generic/bigintcalc\bigintc
alc.sty
Package: bigintcalc 2019/12/15 v1.5 Expandable calculations on big integers (HO
)
))
\Fld@menulength=\count283
\Field@Width=\dimen159
\Fld@charsize=\dimen160
Package hyperref Info: Hyper figures OFF on input line 6347.
Package hyperref Info: Link nesting OFF on input line 6352.
Package hyperref Info: Hyper index ON on input line 6355.
Package hyperref Info: backreferencing OFF on input line 6362.
Package hyperref Info: Link coloring OFF on input line 6367.
Package hyperref Info: Link coloring with OCG OFF on input line 6372.
Package hyperref Info: PDF/A mode ON on input line 6375.
LaTeX Info: Redefining \ref on input line 6417.
LaTeX Info: Redefining \pageref on input line 6421.

(C:\Users\vo141609\AppData\Local\Programs\MiKTeX\tex/latex/base\atbegshi-ltx.st
y
Package: atbegshi-ltx 2020/08/17 v1.0a Emulation of the original atbegshi packa
ge
with kernel methods
)
\Hy@abspage=\count284
\c@Item=\count285
\c@Hfootnote=\count286
)
Package hyperref Info: Driver: hpdftex.

(C:\Users\vo141609\AppData\Local\Programs\MiKTeX\tex/latex/hyperref\hpdftex.def
File: hpdftex.def 2020-05-15 v7.00e Hyperref driver for pdfTeX

(C:\Users\vo141609\AppData\Local\Programs\MiKTeX\tex/latex/base\atveryend-ltx.s
ty
Package: atveryend-ltx 2020/08/19 v1.0a Emulation of the original atvery packag
e
with kernel methods
)
\Fld@listcount=\count287
\c@bookmark@seq@number=\count288

(C:\Users\vo141609\AppData\Local\Programs\MiKTeX\tex/latex/rerunfilecheck\rerun
filecheck.sty
Package: rerunfilecheck 2019/12/05 v1.9 Rerun checks for auxiliary files (HO)

(C:\Users\vo141609\AppData\Local\Programs\MiKTeX\tex/generic/uniquecounter\uniq
uecounter.sty
Package: uniquecounter 2019/12/15 v1.4 Provide unlimited unique counter (HO)
)
Package uniquecounter Info: New unique counter `rerunfilecheck' on input line 2
86.
)
\Hy@SectionHShift=\skip52
)
Package hyperref Info: Option `unicode' set `true' on input line 1463.

(C:\Users\vo141609\AppData\Local\Programs\MiKTeX\tex/latex/hyperref\puenc.def
File: puenc.def 2020-05-15 v7.00e Hyperref: PDF Unicode definition (HO)
)
(C:\Users\vo141609\AppData\Local\Programs\MiKTeX\tex/generic/stringenc\stringen
c.sty
Package: stringenc 2019/11/29 v1.12 Convert strings between diff. encodings (HO
)
)
Package hyperref Info: Option `psdextra' set `true' on input line 1465.

(C:\Users\vo141609\AppData\Local\Programs\MiKTeX\tex/latex/hyperref\psdextra.de
f
File: psdextra.def 2020-05-15 v7.00e Hyperref: Additions to PDF string support
)
(C:\Users\vo141609\AppData\Local\Programs\MiKTeX\tex/generic/colorprofiles\colo
rprofiles.sty
Package: colorprofiles 2018/11/01 v1.0.1 color profiles for PDF/X and PDF/A sup
port

(C:\Users\vo141609\AppData\Local\Programs\MiKTeX\tex/generic/colorprofiles\colo
rprofiles.tex))
(C:\Users\vo141609\AppData\Local\Programs\MiKTeX\tex/generic/stringenc\se-pdfdo
c.def
File: se-pdfdoc.def 2019/11/29 v1.12 stringenc: PDFDocEncoding
)
(C:\Users\vo141609\AppData\Local\Programs\MiKTeX\tex/latex/pdfx\AdobeColorProfi
les.tex)
(C:\Users\vo141609\AppData\Local\Programs\MiKTeX\tex/latex/pdfx\8bit.def
File: 8bit.def 2008/03/30 v1.1d Input encoding file
)
** pdfx: Metadata file ESDSimulator.xmpdata read successfully.

("C:/Users/vo141609/OneDrive - Renishaw plc/Documents/Diplomska Naloga/ESDSimul
ator v2\ESDSimulator.xmpdata")<<sRGB.icc>>
(C:\Users\vo141609\AppData\Local\Programs\MiKTeX\tex/latex/pdfx\8bit.def
File: 8bit.def 2008/03/30 v1.1d Input encoding file
)
(C:\Users\vo141609\AppData\Local\Programs\MiKTeX\tex/latex/pdfx\8bit.def
File: 8bit.def 2008/03/30 v1.1d Input encoding file
)
(C:\Users\vo141609\AppData\Local\Programs\MiKTeX\tex/generic/stringenc\se-utf8.
def
File: se-utf8.def 2019/11/29 v1.12 stringenc: UTF-8
)
Package hyperref Info: Option `unicode' set `true' on input line 2411.
Package hyperref Info: Option `unicode' set `true' on input line 2412.
 (C:\Users\vo141609\AppData\Local\Programs\MiKTeX\tex/latex/pdfx\8bit.def
File: 8bit.def 2008/03/30 v1.1d Input encoding file
)
(C:\Users\vo141609\AppData\Local\Programs\MiKTeX\tex/generic/pdftex\glyphtounic
ode.tex)
(C:\Users\vo141609\AppData\Local\Programs\MiKTeX\tex/latex/pdfx\glyphtounicode-
cmr.tex)
(C:\Users\vo141609\AppData\Local\Programs\MiKTeX\tex/latex/pdfx\glyphtounicode-
ntx.tex)
(C:\Users\vo141609\AppData\Local\Programs\MiKTeX\tex/latex/base\ifthen.sty
Package: ifthen 2014/09/29 v1.1c Standard LaTeX ifthen package (DPC)
)
(C:\Users\vo141609\AppData\Local\Programs\MiKTeX\tex/latex/xmpincl\xmpincl.sty
Package: xmpincl 2008/05/10 v2.2 Include XMP data in pdflatex
) (C:\Users\vo141609\AppData\Local\Programs\MiKTeX\tex/latex/pdfx\8bit.def
File: 8bit.def 2008/03/30 v1.1d Input encoding file
)
Using XMP template file: pdfa.xmp
\xmpinclWrite=\write3
\xmpinclRead=\read4
\openout3 = `pdfa.xmpi'.

<<pdfa.xmpi>>)
(C:\Users\vo141609\AppData\Local\Programs\MiKTeX\tex/latex/base\textcomp.sty
Package: textcomp 2020/02/02 v2.0n Standard LaTeX package
)
(C:\Users\vo141609\AppData\Local\Programs\MiKTeX\tex/latex/was\gensymb.sty
Package: gensymb 2003/07/02 v1.0 (WaS)
)
Package hyperref Info: Option `unicode' set `true' on input line 26.
Package hyperref Info: Option `breaklinks' set `true' on input line 26.


Package hyperref Warning: Option `hyperindex' has already been used,
(hyperref)                setting the option has no effect on input line 26.

(C:\Users\vo141609\AppData\Local\Programs\MiKTeX\tex/latex/ulem\ulem.sty
\UL@box=\box49
\UL@hyphenbox=\box50
\UL@skip=\skip53
\UL@hook=\toks25
\UL@height=\dimen161
\UL@pe=\count289
\UL@pixel=\dimen162
\ULC@box=\box51
Package: ulem 2019/11/18
\ULdepth=\dimen163
)
(C:\Users\vo141609\AppData\Local\Programs\MiKTeX\tex/latex/float\float.sty
Package: float 2001/11/08 v1.3d Float enhancements (AL)
\c@float@type=\count290
\float@exts=\toks26
\float@box=\box52
\@float@everytoks=\toks27
\@floatcapt=\box53
)
(C:\Users\vo141609\AppData\Local\Programs\MiKTeX\tex/latex/enumitem\enumitem.st
y
Package: enumitem 2019/06/20 v3.9 Customized lists
\labelindent=\skip54
\enit@outerparindent=\dimen164
\enit@toks=\toks28
\enit@inbox=\box54
\enit@count@id=\count291
\enitdp@description=\count292
)
(C:\Users\vo141609\AppData\Local\Programs\MiKTeX\tex/latex/siunitx\siunitx.sty
(C:\Users\vo141609\AppData\Local\Programs\MiKTeX\tex/latex/l3kernel\expl3.sty
Package: expl3 2020-12-07 L3 programming layer (loader) 

(C:\Users\vo141609\AppData\Local\Programs\MiKTeX\tex/latex/l3backend\l3backend-
pdftex.def
File: l3backend-pdftex.def 2020-09-24 L3 backend support: PDF output (pdfTeX)
\l__kernel_color_stack_int=\count293
\l__pdf_internal_box=\box55
))
(C:\Users\vo141609\AppData\Local\Programs\MiKTeX\tex/latex/l3packages/xparse\xp
arse.sty
Package: xparse 2020-10-27 L3 Experimental document command parser

(C:\Users\vo141609\AppData\Local\Programs\MiKTeX\tex/latex/l3packages/xparse\xp
arse-generic.tex))
Package: siunitx 2020/02/25 v2.8b A comprehensive (SI) units package

(C:\Users\vo141609\AppData\Local\Programs\MiKTeX\tex/latex/latex-tools\array.st
y
Package: array 2020/10/01 v2.5c Tabular extension package (FMi)
\col@sep=\dimen165
\ar@mcellbox=\box56
\extrarowheight=\dimen166
\NC@list=\toks29
\extratabsurround=\skip55
\backup@length=\skip56
\ar@cellbox=\box57
)
(C:\Users\vo141609\AppData\Local\Programs\MiKTeX\tex/latex/l3packages/l3keys2e\
l3keys2e.sty
Package: l3keys2e 2020-10-27 LaTeX2e option processing using LaTeX3 keys
)
\l__siunitx_tmp_box=\box58
\l__siunitx_tmp_dim=\dimen167
\l__siunitx_tmp_int=\count294
\l__siunitx_number_mantissa_length_int=\count295
\l__siunitx_number_uncert_length_int=\count296
\l__siunitx_round_int=\count297
\l__siunitx_process_decimal_int=\count298
\l__siunitx_process_uncertainty_int=\count299
\l__siunitx_process_fixed_int=\count300
\l__siunitx_process_integer_min_int=\count301
\l__siunitx_process_precision_int=\count302
\l__siunitx_group_min_int=\count303
\l__siunitx_angle_marker_box=\box59
\l__siunitx_angle_unit_box=\box60
\l__siunitx_angle_marker_dim=\dimen168
\l__siunitx_angle_unit_dim=\dimen169
\l__siunitx_unit_int=\count304
\l__siunitx_unit_denominator_int=\count305
\l__siunitx_unit_numerator_int=\count306
\l__siunitx_unit_prefix_int=\count307
\l__siunitx_unit_prefix_base_int=\count308
\l__siunitx_unit_prefix_gram_int=\count309
\l__siunitx_number_product_int=\count310
\c__siunitx_one_fill_skip=\skip57
\l__siunitx_table_unit_align_skip=\skip58
\l__siunitx_table_exponent_dim=\dimen170
\l__siunitx_table_integer_dim=\dimen171
\l__siunitx_table_mantissa_dim=\dimen172
\l__siunitx_table_marker_dim=\dimen173
\l__siunitx_table_result_dim=\dimen174
\l__siunitx_table_uncert_dim=\dimen175
\l__siunitx_table_fill_pre_dim=\dimen176
\l__siunitx_table_fill_post_dim=\dimen177
\l__siunitx_table_fill_mid_dim=\dimen178
\l__siunitx_table_pre_box=\box61
\l__siunitx_table_post_box=\box62
\l__siunitx_table_mantissa_box=\box63
\l__siunitx_table_result_box=\box64
\l__siunitx_table_number_align_skip=\skip59
\l__siunitx_table_text_align_skip=\skip60

(C:\Users\vo141609\AppData\Local\Programs\MiKTeX\tex/latex/translator\translato
r.sty
Package: translator 2020-08-03 v1.12c Easy translation of strings in LaTeX
))
(C:\Users\vo141609\AppData\Local\Programs\MiKTeX\tex/latex/mathtools\mathtools.
sty
Package: mathtools 2020/03/24 v1.24 mathematical typesetting tools

(C:\Users\vo141609\AppData\Local\Programs\MiKTeX\tex/latex/latex-tools\calc.sty
Package: calc 2017/05/25 v4.3 Infix arithmetic (KKT,FJ)
\calc@Acount=\count311
\calc@Bcount=\count312
\calc@Adimen=\dimen179
\calc@Bdimen=\dimen180
\calc@Askip=\skip61
\calc@Bskip=\skip62
LaTeX Info: Redefining \setlength on input line 80.
LaTeX Info: Redefining \addtolength on input line 81.
\calc@Ccount=\count313
\calc@Cskip=\skip63
)
(C:\Users\vo141609\AppData\Local\Programs\MiKTeX\tex/latex/mathtools\mhsetup.st
y
Package: mhsetup 2017/03/31 v1.3 programming setup (MH)
)
LaTeX Info: Thecontrolsequence`\('isalreadyrobust on input line 130.
LaTeX Info: Thecontrolsequence`\)'isalreadyrobust on input line 130.
LaTeX Info: Thecontrolsequence`\['isalreadyrobust on input line 130.
LaTeX Info: Thecontrolsequence`\]'isalreadyrobust on input line 130.
\g_MT_multlinerow_int=\count314
\l_MT_multwidth_dim=\dimen181
\origjot=\skip64
\l_MT_shortvdotswithinadjustabove_dim=\dimen182
\l_MT_shortvdotswithinadjustbelow_dim=\dimen183
\l_MT_above_intertext_sep=\dimen184
\l_MT_below_intertext_sep=\dimen185
\l_MT_above_shortintertext_sep=\dimen186
\l_MT_below_shortintertext_sep=\dimen187
\xmathstrut@box=\box65
\xmathstrut@dim=\dimen188
)
(C:\Users\vo141609\AppData\Local\Programs\MiKTeX\tex/latex/latex-tools\bm.sty
Package: bm 2019/07/24 v1.2d Bold Symbol Support (DPC/FMi)
\symboldoperators=\mathgroup4
\symboldletters=\mathgroup5
\symboldsymbols=\mathgroup6
LaTeX Font Info:    Redeclaring math alphabet \mathbf on input line 141.
LaTeX Info: Redefining \bm on input line 209.
)
(C:\Users\vo141609\AppData\Local\Programs\MiKTeX\tex/latex/grffile\grffile.sty
Package: grffile 2019/11/11 v2.1 Extended file name support for graphics (legac
y)
Package grffile Info: This package is an empty stub for compatibility on input 
line 40.
)
(C:\Users\vo141609\AppData\Local\Programs\MiKTeX\tex/latex/circuitikz\circuitik
z.sty
Package: circuitikz 2020/12/27{} The CircuiTikz circuit drawing package version
 1.2.7

(C:\Users\vo141609\AppData\Local\Programs\MiKTeX\tex/latex/pgf/frontendlayer\ti
kz.sty
(C:\Users\vo141609\AppData\Local\Programs\MiKTeX\tex/latex/pgf/basiclayer\pgf.s
ty
(C:\Users\vo141609\AppData\Local\Programs\MiKTeX\tex/latex/pgf/utilities\pgfrcs
.sty
(C:\Users\vo141609\AppData\Local\Programs\MiKTeX\tex/generic/pgf/utilities\pgfu
til-common.tex
\pgfutil@everybye=\toks30
\pgfutil@tempdima=\dimen189
\pgfutil@tempdimb=\dimen190

(C:\Users\vo141609\AppData\Local\Programs\MiKTeX\tex/generic/pgf/utilities\pgfu
til-common-lists.tex))
(C:\Users\vo141609\AppData\Local\Programs\MiKTeX\tex/generic/pgf/utilities\pgfu
til-latex.def
\pgfutil@abb=\box66
)
(C:\Users\vo141609\AppData\Local\Programs\MiKTeX\tex/generic/pgf/utilities\pgfr
cs.code.tex
(C:\Users\vo141609\AppData\Local\Programs\MiKTeX\tex/generic/pgf\pgf.revision.t
ex)
Package: pgfrcs 2020/12/27 v3.1.8b (3.1.8b)
))
Package: pgf 2020/12/27 v3.1.8b (3.1.8b)

(C:\Users\vo141609\AppData\Local\Programs\MiKTeX\tex/latex/pgf/basiclayer\pgfco
re.sty
(C:\Users\vo141609\AppData\Local\Programs\MiKTeX\tex/latex/pgf/systemlayer\pgfs
ys.sty
(C:\Users\vo141609\AppData\Local\Programs\MiKTeX\tex/generic/pgf/systemlayer\pg
fsys.code.tex
Package: pgfsys 2020/12/27 v3.1.8b (3.1.8b)

(C:\Users\vo141609\AppData\Local\Programs\MiKTeX\tex/generic/pgf/utilities\pgfk
eys.code.tex
\pgfkeys@pathtoks=\toks31
\pgfkeys@temptoks=\toks32

(C:\Users\vo141609\AppData\Local\Programs\MiKTeX\tex/generic/pgf/utilities\pgfk
eysfiltered.code.tex
\pgfkeys@tmptoks=\toks33
))
\pgf@x=\dimen191
\pgf@y=\dimen192
\pgf@xa=\dimen193
\pgf@ya=\dimen194
\pgf@xb=\dimen195
\pgf@yb=\dimen196
\pgf@xc=\dimen197
\pgf@yc=\dimen198
\pgf@xd=\dimen199
\pgf@yd=\dimen256
\w@pgf@writea=\write4
\r@pgf@reada=\read5
\c@pgf@counta=\count315
\c@pgf@countb=\count316
\c@pgf@countc=\count317
\c@pgf@countd=\count318
\t@pgf@toka=\toks34
\t@pgf@tokb=\toks35
\t@pgf@tokc=\toks36
\pgf@sys@id@count=\count319

(C:\Users\vo141609\AppData\Local\Programs\MiKTeX\tex/generic/pgf/systemlayer\pg
f.cfg
File: pgf.cfg 2020/12/27 v3.1.8b (3.1.8b)
)
Driver file for pgf: pgfsys-pdftex.def

(C:\Users\vo141609\AppData\Local\Programs\MiKTeX\tex/generic/pgf/systemlayer\pg
fsys-pdftex.def
File: pgfsys-pdftex.def 2020/12/27 v3.1.8b (3.1.8b)

(C:\Users\vo141609\AppData\Local\Programs\MiKTeX\tex/generic/pgf/systemlayer\pg
fsys-common-pdf.def
File: pgfsys-common-pdf.def 2020/12/27 v3.1.8b (3.1.8b)
)))
(C:\Users\vo141609\AppData\Local\Programs\MiKTeX\tex/generic/pgf/systemlayer\pg
fsyssoftpath.code.tex
File: pgfsyssoftpath.code.tex 2020/12/27 v3.1.8b (3.1.8b)
\pgfsyssoftpath@smallbuffer@items=\count320
\pgfsyssoftpath@bigbuffer@items=\count321
)
(C:\Users\vo141609\AppData\Local\Programs\MiKTeX\tex/generic/pgf/systemlayer\pg
fsysprotocol.code.tex
File: pgfsysprotocol.code.tex 2020/12/27 v3.1.8b (3.1.8b)
))
(C:\Users\vo141609\AppData\Local\Programs\MiKTeX\tex/generic/pgf/basiclayer\pgf
core.code.tex
Package: pgfcore 2020/12/27 v3.1.8b (3.1.8b)

(C:\Users\vo141609\AppData\Local\Programs\MiKTeX\tex/generic/pgf/math\pgfmath.c
ode.tex
(C:\Users\vo141609\AppData\Local\Programs\MiKTeX\tex/generic/pgf/math\pgfmathca
lc.code.tex
(C:\Users\vo141609\AppData\Local\Programs\MiKTeX\tex/generic/pgf/math\pgfmathut
il.code.tex)
(C:\Users\vo141609\AppData\Local\Programs\MiKTeX\tex/generic/pgf/math\pgfmathpa
rser.code.tex
\pgfmath@dimen=\dimen257
\pgfmath@count=\count322
\pgfmath@box=\box67
\pgfmath@toks=\toks37
\pgfmath@stack@operand=\toks38
\pgfmath@stack@operation=\toks39
)
(C:\Users\vo141609\AppData\Local\Programs\MiKTeX\tex/generic/pgf/math\pgfmathfu
nctions.code.tex
(C:\Users\vo141609\AppData\Local\Programs\MiKTeX\tex/generic/pgf/math\pgfmathfu
nctions.basic.code.tex)
(C:\Users\vo141609\AppData\Local\Programs\MiKTeX\tex/generic/pgf/math\pgfmathfu
nctions.trigonometric.code.tex)
(C:\Users\vo141609\AppData\Local\Programs\MiKTeX\tex/generic/pgf/math\pgfmathfu
nctions.random.code.tex)
(C:\Users\vo141609\AppData\Local\Programs\MiKTeX\tex/generic/pgf/math\pgfmathfu
nctions.comparison.code.tex)
(C:\Users\vo141609\AppData\Local\Programs\MiKTeX\tex/generic/pgf/math\pgfmathfu
nctions.base.code.tex)
(C:\Users\vo141609\AppData\Local\Programs\MiKTeX\tex/generic/pgf/math\pgfmathfu
nctions.round.code.tex)
(C:\Users\vo141609\AppData\Local\Programs\MiKTeX\tex/generic/pgf/math\pgfmathfu
nctions.misc.code.tex)
(C:\Users\vo141609\AppData\Local\Programs\MiKTeX\tex/generic/pgf/math\pgfmathfu
nctions.integerarithmetics.code.tex)))
(C:\Users\vo141609\AppData\Local\Programs\MiKTeX\tex/generic/pgf/math\pgfmathfl
oat.code.tex
\c@pgfmathroundto@lastzeros=\count323
))
(C:\Users\vo141609\AppData\Local\Programs\MiKTeX\tex/generic/pgf/math\pgfint.co
de.tex)
(C:\Users\vo141609\AppData\Local\Programs\MiKTeX\tex/generic/pgf/basiclayer\pgf
corepoints.code.tex
File: pgfcorepoints.code.tex 2020/12/27 v3.1.8b (3.1.8b)
\pgf@picminx=\dimen258
\pgf@picmaxx=\dimen259
\pgf@picminy=\dimen260
\pgf@picmaxy=\dimen261
\pgf@pathminx=\dimen262
\pgf@pathmaxx=\dimen263
\pgf@pathminy=\dimen264
\pgf@pathmaxy=\dimen265
\pgf@xx=\dimen266
\pgf@xy=\dimen267
\pgf@yx=\dimen268
\pgf@yy=\dimen269
\pgf@zx=\dimen270
\pgf@zy=\dimen271
)
(C:\Users\vo141609\AppData\Local\Programs\MiKTeX\tex/generic/pgf/basiclayer\pgf
corepathconstruct.code.tex
File: pgfcorepathconstruct.code.tex 2020/12/27 v3.1.8b (3.1.8b)
\pgf@path@lastx=\dimen272
\pgf@path@lasty=\dimen273
)
(C:\Users\vo141609\AppData\Local\Programs\MiKTeX\tex/generic/pgf/basiclayer\pgf
corepathusage.code.tex
File: pgfcorepathusage.code.tex 2020/12/27 v3.1.8b (3.1.8b)
\pgf@shorten@end@additional=\dimen274
\pgf@shorten@start@additional=\dimen275
)
(C:\Users\vo141609\AppData\Local\Programs\MiKTeX\tex/generic/pgf/basiclayer\pgf
corescopes.code.tex
File: pgfcorescopes.code.tex 2020/12/27 v3.1.8b (3.1.8b)
\pgfpic=\box68
\pgf@hbox=\box69
\pgf@layerbox@main=\box70
\pgf@picture@serial@count=\count324
)
(C:\Users\vo141609\AppData\Local\Programs\MiKTeX\tex/generic/pgf/basiclayer\pgf
coregraphicstate.code.tex
File: pgfcoregraphicstate.code.tex 2020/12/27 v3.1.8b (3.1.8b)
\pgflinewidth=\dimen276
)
(C:\Users\vo141609\AppData\Local\Programs\MiKTeX\tex/generic/pgf/basiclayer\pgf
coretransformations.code.tex
File: pgfcoretransformations.code.tex 2020/12/27 v3.1.8b (3.1.8b)
\pgf@pt@x=\dimen277
\pgf@pt@y=\dimen278
\pgf@pt@temp=\dimen279
)
(C:\Users\vo141609\AppData\Local\Programs\MiKTeX\tex/generic/pgf/basiclayer\pgf
corequick.code.tex
File: pgfcorequick.code.tex 2020/12/27 v3.1.8b (3.1.8b)
)
(C:\Users\vo141609\AppData\Local\Programs\MiKTeX\tex/generic/pgf/basiclayer\pgf
coreobjects.code.tex
File: pgfcoreobjects.code.tex 2020/12/27 v3.1.8b (3.1.8b)
)
(C:\Users\vo141609\AppData\Local\Programs\MiKTeX\tex/generic/pgf/basiclayer\pgf
corepathprocessing.code.tex
File: pgfcorepathprocessing.code.tex 2020/12/27 v3.1.8b (3.1.8b)
)
(C:\Users\vo141609\AppData\Local\Programs\MiKTeX\tex/generic/pgf/basiclayer\pgf
corearrows.code.tex
File: pgfcorearrows.code.tex 2020/12/27 v3.1.8b (3.1.8b)
\pgfarrowsep=\dimen280
)
(C:\Users\vo141609\AppData\Local\Programs\MiKTeX\tex/generic/pgf/basiclayer\pgf
coreshade.code.tex
File: pgfcoreshade.code.tex 2020/12/27 v3.1.8b (3.1.8b)
\pgf@max=\dimen281
\pgf@sys@shading@range@num=\count325
\pgf@shadingcount=\count326
)
(C:\Users\vo141609\AppData\Local\Programs\MiKTeX\tex/generic/pgf/basiclayer\pgf
coreimage.code.tex
File: pgfcoreimage.code.tex 2020/12/27 v3.1.8b (3.1.8b)

(C:\Users\vo141609\AppData\Local\Programs\MiKTeX\tex/generic/pgf/basiclayer\pgf
coreexternal.code.tex
File: pgfcoreexternal.code.tex 2020/12/27 v3.1.8b (3.1.8b)
\pgfexternal@startupbox=\box71
))
(C:\Users\vo141609\AppData\Local\Programs\MiKTeX\tex/generic/pgf/basiclayer\pgf
corelayers.code.tex
File: pgfcorelayers.code.tex 2020/12/27 v3.1.8b (3.1.8b)
)
(C:\Users\vo141609\AppData\Local\Programs\MiKTeX\tex/generic/pgf/basiclayer\pgf
coretransparency.code.tex
File: pgfcoretransparency.code.tex 2020/12/27 v3.1.8b (3.1.8b)
)
(C:\Users\vo141609\AppData\Local\Programs\MiKTeX\tex/generic/pgf/basiclayer\pgf
corepatterns.code.tex
File: pgfcorepatterns.code.tex 2020/12/27 v3.1.8b (3.1.8b)
)
(C:\Users\vo141609\AppData\Local\Programs\MiKTeX\tex/generic/pgf/basiclayer\pgf
corerdf.code.tex
File: pgfcorerdf.code.tex 2020/12/27 v3.1.8b (3.1.8b)
)))
(C:\Users\vo141609\AppData\Local\Programs\MiKTeX\tex/generic/pgf/modules\pgfmod
uleshapes.code.tex
File: pgfmoduleshapes.code.tex 2020/12/27 v3.1.8b (3.1.8b)
\pgfnodeparttextbox=\box72
)
(C:\Users\vo141609\AppData\Local\Programs\MiKTeX\tex/generic/pgf/modules\pgfmod
uleplot.code.tex
File: pgfmoduleplot.code.tex 2020/12/27 v3.1.8b (3.1.8b)
)
(C:\Users\vo141609\AppData\Local\Programs\MiKTeX\tex/latex/pgf/compatibility\pg
fcomp-version-0-65.sty
Package: pgfcomp-version-0-65 2020/12/27 v3.1.8b (3.1.8b)
\pgf@nodesepstart=\dimen282
\pgf@nodesepend=\dimen283
)
(C:\Users\vo141609\AppData\Local\Programs\MiKTeX\tex/latex/pgf/compatibility\pg
fcomp-version-1-18.sty
Package: pgfcomp-version-1-18 2020/12/27 v3.1.8b (3.1.8b)
))
(C:\Users\vo141609\AppData\Local\Programs\MiKTeX\tex/latex/pgf/utilities\pgffor
.sty
(C:\Users\vo141609\AppData\Local\Programs\MiKTeX\tex/latex/pgf/utilities\pgfkey
s.sty
(C:\Users\vo141609\AppData\Local\Programs\MiKTeX\tex/generic/pgf/utilities\pgfk
eys.code.tex))
(C:\Users\vo141609\AppData\Local\Programs\MiKTeX\tex/latex/pgf/math\pgfmath.sty

(C:\Users\vo141609\AppData\Local\Programs\MiKTeX\tex/generic/pgf/math\pgfmath.c
ode.tex))
(C:\Users\vo141609\AppData\Local\Programs\MiKTeX\tex/generic/pgf/utilities\pgff
or.code.tex
Package: pgffor 2020/12/27 v3.1.8b (3.1.8b)

(C:\Users\vo141609\AppData\Local\Programs\MiKTeX\tex/generic/pgf/math\pgfmath.c
ode.tex)
\pgffor@iter=\dimen284
\pgffor@skip=\dimen285
\pgffor@stack=\toks40
\pgffor@toks=\toks41
))
(C:\Users\vo141609\AppData\Local\Programs\MiKTeX\tex/generic/pgf/frontendlayer/
tikz\tikz.code.tex
Package: tikz 2020/12/27 v3.1.8b (3.1.8b)

(C:\Users\vo141609\AppData\Local\Programs\MiKTeX\tex/generic/pgf/libraries\pgfl
ibraryplothandlers.code.tex
File: pgflibraryplothandlers.code.tex 2020/12/27 v3.1.8b (3.1.8b)
\pgf@plot@mark@count=\count327
\pgfplotmarksize=\dimen286
)
\tikz@lastx=\dimen287
\tikz@lasty=\dimen288
\tikz@lastxsaved=\dimen289
\tikz@lastysaved=\dimen290
\tikz@lastmovetox=\dimen291
\tikz@lastmovetoy=\dimen292
\tikzleveldistance=\dimen293
\tikzsiblingdistance=\dimen294
\tikz@figbox=\box73
\tikz@figbox@bg=\box74
\tikz@tempbox=\box75
\tikz@tempbox@bg=\box76
\tikztreelevel=\count328
\tikznumberofchildren=\count329
\tikznumberofcurrentchild=\count330
\tikz@fig@count=\count331

(C:\Users\vo141609\AppData\Local\Programs\MiKTeX\tex/generic/pgf/modules\pgfmod
ulematrix.code.tex
File: pgfmodulematrix.code.tex 2020/12/27 v3.1.8b (3.1.8b)
\pgfmatrixcurrentrow=\count332
\pgfmatrixcurrentcolumn=\count333
\pgf@matrix@numberofcolumns=\count334
)
\tikz@expandcount=\count335

(C:\Users\vo141609\AppData\Local\Programs\MiKTeX\tex/generic/pgf/frontendlayer/
tikz/libraries\tikzlibrarytopaths.code.tex
File: tikzlibrarytopaths.code.tex 2020/12/27 v3.1.8b (3.1.8b)
)))
(C:\Users\vo141609\AppData\Local\Programs\MiKTeX\tex/generic/pgf/frontendlayer/
tikz/libraries\tikzlibrarycalc.code.tex
File: tikzlibrarycalc.code.tex 2020/12/27 v3.1.8b (3.1.8b)
)
(C:\Users\vo141609\AppData\Local\Programs\MiKTeX\tex/generic/pgf/libraries\pgfl
ibraryarrows.meta.code.tex
File: pgflibraryarrows.meta.code.tex 2020/12/27 v3.1.8b (3.1.8b)
\pgfarrowinset=\dimen295
\pgfarrowlength=\dimen296
\pgfarrowwidth=\dimen297
\pgfarrowlinewidth=\dimen298
)
(C:\Users\vo141609\AppData\Local\Programs\MiKTeX\tex/generic/pgf/frontendlayer/
tikz/libraries\tikzlibrarybending.code.tex
File: tikzlibrarybending.code.tex 2020/12/27 v3.1.8b (3.1.8b)

(C:\Users\vo141609\AppData\Local\Programs\MiKTeX\tex/generic/pgf/modules\pgfmod
ulebending.code.tex
File: pgfmodulebending.code.tex 2020/12/27 v3.1.8b (3.1.8b)

(C:\Users\vo141609\AppData\Local\Programs\MiKTeX\tex/generic/pgf/modules\pgfmod
ulenonlineartransformations.code.tex
File: pgfmodulenonlineartransformations.code.tex 2020/12/27 v3.1.8b (3.1.8b)
\pgftransformnonlinearflatness=\dimen299
)
(C:\Users\vo141609\AppData\Local\Programs\MiKTeX\tex/generic/pgf/libraries\pgfl
ibrarycurvilinear.code.tex
File: pgflibrarycurvilinear.code.tex 2020/12/27 v3.1.8b (3.1.8b)
\pgf@curvilinear@time@a=\dimen300
\pgf@curvilinear@length@a=\dimen301
\pgf@curvilinear@length@b=\dimen302
\pgf@curvilinear@length@c=\dimen303
\pgf@curvilinear@length@d=\dimen304
)
\pgf@arrows@the@rigidity=\dimen305
))
(C:\Users\vo141609\AppData\Local\Programs\MiKTeX\tex/generic/pgf/frontendlayer/
tikz/libraries\tikzlibraryfpu.code.tex
(C:\Users\vo141609\AppData\Local\Programs\MiKTeX\tex/generic/pgf/libraries\pgfl
ibraryfpu.code.tex))
(C:\Users\vo141609\AppData\Local\Programs\MiKTeX\tex/generic/circuitikz\pgfcirc
.defines.tex
\pgf@circ@count@a=\count336
\pgf@circ@count@b=\count337
\pgf@circ@count@c=\count338
\pgf@circ@res@up=\dimen306
\pgf@circ@res@down=\dimen307
\pgf@circ@res@zero=\dimen308
\pgf@circ@res@left=\dimen309
\pgf@circ@res@right=\dimen310
\pgf@circ@res@other=\dimen311
\pgf@circ@res@step=\dimen312
\pgf@circ@res@temp=\dimen313
\pgf@circ@Rlen=\dimen314
\pgf@circ@scaled@Rlen=\dimen315
\pgfstartlinewidth=\dimen316
)
(C:\Users\vo141609\AppData\Local\Programs\MiKTeX\tex/generic/circuitikz\pgfcirc
utils.tex)
(C:\Users\vo141609\AppData\Local\Programs\MiKTeX\tex/generic/circuitikz\pgfcirc
shapes.tex)
(C:\Users\vo141609\AppData\Local\Programs\MiKTeX\tex/generic/circuitikz\pgfcirc
monopoles.tex)
(C:\Users\vo141609\AppData\Local\Programs\MiKTeX\tex/generic/circuitikz\pgfcirc
bipoles.tex)
(C:\Users\vo141609\AppData\Local\Programs\MiKTeX\tex/generic/circuitikz\pgfcirc
tripoles.tex
\pgf@circ@res@count=\count339
)
(C:\Users\vo141609\AppData\Local\Programs\MiKTeX\tex/generic/circuitikz\pgfcirc
quadpoles.tex)
(C:\Users\vo141609\AppData\Local\Programs\MiKTeX\tex/generic/circuitikz\pgfcirc
multipoles.tex)
(C:\Users\vo141609\AppData\Local\Programs\MiKTeX\tex/generic/circuitikz\pgfcirc
label.tex)
(C:\Users\vo141609\AppData\Local\Programs\MiKTeX\tex/generic/circuitikz\pgfcirc
voltage.tex
\pgfcirc@labelshift=\dimen317
)
(C:\Users\vo141609\AppData\Local\Programs\MiKTeX\tex/generic/circuitikz\pgfcirc
current.tex)
(C:\Users\vo141609\AppData\Local\Programs\MiKTeX\tex/generic/circuitikz\pgfcirc
flow.tex)
(C:\Users\vo141609\AppData\Local\Programs\MiKTeX\tex/generic/circuitikz\pgfcirc
path.tex)

Package circuitikz Warning: You did not specify one of the voltage directions:
(circuitikz)                  oldvoltagedirection, nooldvoltagedirection, 
(circuitikz)                  RPvoltages or EFvoltages 
(circuitikz)                Default directions may have changed, 
(circuitikz)                please check the manual.

)
(C:\Users\vo141609\AppData\Local\Programs\MiKTeX\tex/latex/pdfpages\pdfpages.st
y
Package: pdfpages 2020/01/28 v0.5q Insert pages of external PDF documents (AM)

(C:\Users\vo141609\AppData\Local\Programs\MiKTeX\tex/latex/eso-pic\eso-pic.sty
Package: eso-pic 2020/10/14 v3.0a eso-pic (RN)
\ESO@tempdima=\dimen318
\ESO@tempdimb=\dimen319
)
\AM@pagewidth=\dimen320
\AM@pageheight=\dimen321

(C:\Users\vo141609\AppData\Local\Programs\MiKTeX\tex/latex/pdfpages\pppdftex.de
f
File: pppdftex.def 2020/01/28 v0.5q Pdfpages driver for pdfTeX (AM)
)
\AM@pagebox=\box77
\AM@global@opts=\toks42
\AM@pagecnt=\count340
\AM@toc@title=\toks43
\c@AM@survey=\count341
\AM@templatesizebox=\box78
)
(C:\Users\vo141609\AppData\Local\Programs\MiKTeX\tex/latex/listings\listings.st
y
\lst@mode=\count342
\lst@gtempboxa=\box79
\lst@token=\toks44
\lst@length=\count343
\lst@currlwidth=\dimen322
\lst@column=\count344
\lst@pos=\count345
\lst@lostspace=\dimen323
\lst@width=\dimen324
\lst@newlines=\count346
\lst@lineno=\count347
\lst@maxwidth=\dimen325

(C:\Users\vo141609\AppData\Local\Programs\MiKTeX\tex/latex/listings\lstmisc.sty
File: lstmisc.sty 2020/03/24 1.8d (Carsten Heinz)
\c@lstnumber=\count348
\lst@skipnumbers=\count349
\lst@framebox=\box80
)
(C:\Users\vo141609\AppData\Local\Programs\MiKTeX\tex/latex/listings\listings.cf
g
File: listings.cfg 2020/03/24 1.8d listings configuration
))
Package: listings 2020/03/24 1.8d (Carsten Heinz)

("C:/Users/vo141609/OneDrive - Renishaw plc/Documents/Diplomska Naloga/ESDSimul
ator v2\ESDSimulator.aux")
\openout1 = `ESDSimulator.aux'.

LaTeX Font Info:    Checking defaults for OML/cmm/m/it on input line 85.
LaTeX Font Info:    ... okay on input line 85.
LaTeX Font Info:    Checking defaults for OMS/cmsy/m/n on input line 85.
LaTeX Font Info:    ... okay on input line 85.
LaTeX Font Info:    Checking defaults for OT1/cmr/m/n on input line 85.
LaTeX Font Info:    ... okay on input line 85.
LaTeX Font Info:    Checking defaults for T1/cmr/m/n on input line 85.
LaTeX Font Info:    ... okay on input line 85.
LaTeX Font Info:    Checking defaults for TS1/cmr/m/n on input line 85.
LaTeX Font Info:    ... okay on input line 85.
LaTeX Font Info:    Checking defaults for OMX/cmex/m/n on input line 85.
LaTeX Font Info:    ... okay on input line 85.
LaTeX Font Info:    Checking defaults for U/cmr/m/n on input line 85.
LaTeX Font Info:    ... okay on input line 85.
LaTeX Font Info:    Checking defaults for LGR/cmr/m/n on input line 85.
LaTeX Font Info:    Trying to load font information for LGR+cmr on input line 8
5.

(C:\Users\vo141609\AppData\Local\Programs\MiKTeX\tex/latex/cbfonts-fd\lgrcmr.fd
File: lgrcmr.fd 2017/07/29 v1.2 Greek European Computer Regular
)
LaTeX Font Info:    ... okay on input line 85.
LaTeX Font Info:    Checking defaults for PD1/pdf/m/n on input line 85.
LaTeX Font Info:    ... okay on input line 85.
LaTeX Font Info:    Checking defaults for PU/pdf/m/n on input line 85.
LaTeX Font Info:    ... okay on input line 85.

(C:\Users\vo141609\AppData\Local\Programs\MiKTeX\tex/context/base/mkii\supp-pdf
.mkii
[Loading MPS to PDF converter (version 2006.09.02).]
\scratchcounter=\count350
\scratchdimen=\dimen326
\scratchbox=\box81
\nofMPsegments=\count351
\nofMParguments=\count352
\everyMPshowfont=\toks45
\MPscratchCnt=\count353
\MPscratchDim=\dimen327
\MPnumerator=\count354
\makeMPintoPDFobject=\count355
\everyMPtoPDFconversion=\toks46
)
(C:\Users\vo141609\AppData\Local\Programs\MiKTeX\tex/latex/greek-fontenc\puenc-
greek.def
File: puenc-greek.def 2020/10/18 2.0 Greek LICRs for PDF strings

(C:\Users\vo141609\AppData\Local\Programs\MiKTeX\tex/latex/greek-fontenc\greek-
fontenc.def
File: greek-fontenc.def 2020/10/30 2.0 Common Greek font encoding definitions
))
Package hyperref Info: Link coloring OFF on input line 85.

(C:\Users\vo141609\AppData\Local\Programs\MiKTeX\tex/latex/hyperref\nameref.sty
Package: nameref 2019/09/16 v2.46 Cross-referencing by name of section

(C:\Users\vo141609\AppData\Local\Programs\MiKTeX\tex/latex/refcount\refcount.st
y
Package: refcount 2019/12/15 v3.6 Data extraction from label references (HO)
)
(C:\Users\vo141609\AppData\Local\Programs\MiKTeX\tex/generic/gettitlestring\get
titlestring.sty
Package: gettitlestring 2019/12/15 v1.6 Cleanup title references (HO)
)
\c@section@level=\count356
)
LaTeX Info: Redefining \ref on input line 85.
LaTeX Info: Redefining \pageref on input line 85.
LaTeX Info: Redefining \nameref on input line 85.
\@outlinefile=\write5
\openout5 = `ESDSimulator.out'.

\symgns@font=\mathgroup7
LaTeX Font Info:    Overwriting symbol font `gns@font' in version `bold'
(Font)                  TS1/cmr/m/n --> TS1/cmr/b/n on input line 85.
Package gensymb Info: Math companion symbols declared on input line 85.
LaTeX Info: Redefining \degree on input line 85.
LaTeX Info: Redefining \celsius on input line 85.
Package gensymb Info: Using text companion symbols for \degree, \celsius and \p
erthousand on input line 85.
LaTeX Info: Redefining \ohm on input line 85.
Package gensymb Info: Using \textohm for \ohm on input line 85.
Package gensymb Info: Using \textmu for \micro on input line 85.

(C:\Users\vo141609\AppData\Local\Programs\MiKTeX\tex/latex/siunitx\siunitx-abbr
eviations.cfg
File: siunitx-abbreviations.cfg 2017/11/26 v2.7k siunitx: Abbreviated units
)
(C:\Users\vo141609\AppData\Local\Programs\MiKTeX\tex/latex/translator\translato
r-basic-dictionary-English.dict
Dictionary: translator-basic-dictionary, Language: English 
)
(C:\Users\vo141609\AppData\Local\Programs\MiKTeX\tex/latex/pdflscape\pdflscape.
sty
Package: pdflscape 2019/12/05 v0.12 Display of landscape pages in PDF (HO)

(C:\Users\vo141609\AppData\Local\Programs\MiKTeX\tex/latex/graphics\lscape.sty
Package: lscape 2020/05/28 v3.02 Landscape Pages (DPC)
)
Package pdflscape Info: Auto-detected driver: pdftex on input line 81.
)
\c@lstlisting=\count357
 [1


] [2] [3

]
Overfull \hbox (2.61108pt too wide) has occurred while \output is active
[] 
 []

[4

] [5]
Overfull \hbox (2.61108pt too wide) has occurred while \output is active
[] 
 []

[6

] [7]
Overfull \hbox (2.61108pt too wide) has occurred while \output is active
[] 
 []

[8

]
\tf@toc=\write6
\openout6 = `ESDSimulator.toc'.

 [9]
Overfull \hbox (2.61108pt too wide) has occurred while \output is active
[] 
 []

[10

]
\tf@lof=\write7
\openout7 = `ESDSimulator.lof'.

 [11]
Overfull \hbox (2.61108pt too wide) has occurred while \output is active
[] 
 []

[12

]
\tf@lot=\write8
\openout8 = `ESDSimulator.lot'.

 [13]
Overfull \hbox (2.61108pt too wide) has occurred while \output is active
[] 
 []

[14

] [15]
Overfull \hbox (2.61108pt too wide) has occurred while \output is active
[] 
 []

[16

]
  1.

Underfull \vbox (badness 10000) has occurred while \output is active []

 [1

]
Overfull \hbox (2.61108pt too wide) has occurred while \output is active
[] 
 []

[2pdfTeX warning (ext4): destination with the same identifier (name{figure.1.1}
) has been already used, duplicate ignored
<argument> ...shipout:D \box_use:N \l_shipout_box 
                                                  
l.188 \chapter
              {Zahteve} \label{Zahteve}]
  2.
[3

]
Overfull \hbox (2.61108pt too wide) has occurred while \output is active
[] 
 []

[4

]
  3.


pdfTeX warning: pdflatex (file C:/Users/vo141609/OneDrive - Renishaw plc/Docume
nts/Diplomska Naloga/ESDSimulator v2/Sheme/Osnovna blok shema poenostavljena.pd
f): PDF inclusion: found PDF version <1.7>, but at most version <1.5> allowed
<Sheme/Osnovna blok shema poenostavljena.pdf, id=111, 436.63126pt x 237.88875pt
>
File: Sheme/Osnovna blok shema poenostavljena.pdf Graphic file (type pdf)
<use Sheme/Osnovna blok shema poenostavljena.pdf>
Package pdftex.def Info: Sheme/Osnovna blok shema poenostavljena.pdf  used on i
nput line 222.
(pdftex.def)             Requested size: 412.56496pt x 224.777pt.
[5pdfTeX warning (ext4): destination with the same identifier (name{figure.3.1}
) has been already used, duplicate ignored
<argument> ...shipout:D \box_use:N \l_shipout_box 
                                                  
l.235 
       <C:/Users/vo141609/OneDrive - Renishaw plc/Documents/Diplomska Naloga/ES
DSimulator v2/Sheme/Osnovna blok shema poenostavljena.pdf>]
Overfull \hbox (2.61108pt too wide) has occurred while \output is active
[] 
 []

[6pdfTeX warning (ext4): destination with the same identifier (name{figure.3.2}
) has been already used, duplicate ignored
<argument> ...shipout:D \box_use:N \l_shipout_box 
                                                  
l.321     	\item
                 GA3459 proizvajalca CoilCraft]

LaTeX Warning: Citation `Using Parallel High Voltage Multipliers for 100kV Down
hole Neutron Generator Power Supplies' on page 7 undefined on input line 336.


Overfull \hbox (2.61108pt too wide) has occurred while \output is active
[] 
 []

[7]
Underfull \vbox (badness 10000) has occurred while \output is active []


Overfull \hbox (2.61108pt too wide) has occurred while \output is active
[] 
 []

[8]
Overfull \hbox (2.61108pt too wide) has occurred while \output is active
[] 
 []

[9]
Overfull \hbox (2.61108pt too wide) has occurred while \output is active
[] 
 []

[10]
  4.
<Slike/MedlerElectronicsRele.png, id=163, 602.25pt x 475.7775pt>
File: Slike/MedlerElectronicsRele.png Graphic file (type png)
<use Slike/MedlerElectronicsRele.png>
Package pdftex.def Info: Slike/MedlerElectronicsRele.png  used on input line 42
1.
(pdftex.def)             Requested size: 412.56496pt x 325.94191pt.

Underfull \vbox (badness 10000) has occurred while \output is active []

 [11

pdfTeX warning (ext4): destination with the same identifier (name{figure.4.1}) 
has been already used, duplicate ignored
<argument> ...shipout:D \box_use:N \l_shipout_box 
                                                  
l.424     ~
           \\Po specifikacijah bo najveji tok ez rele 10A, saj imamo mak...
]
! Undefined control sequence.
<argument> \Ohm 
                
l.424 ...in \SI{100}{\pico\farad} na \SI{10}{\Ohm}
                                                   in \SI{10}{\nano\farad} k...

? 
! Undefined control sequence.
<argument> \Ohm 
                
l.424 ...in \SI{100}{\pico\farad} na \SI{10}{\Ohm}
                                                   in \SI{10}{\nano\farad} k...

? 

! Package siunitx Error: Prefix with no unit.

Type <return> to continue.
 ...                                              
                                                  
l.424 ...lepo vidi razklenitev pri \SI{40}{\micro}
                                                  s in \SI{55}{\micro}s. Po ...

? 

! Package siunitx Error: Prefix with no unit.

Type <return> to continue.
 ...                                              
                                                  
l.424 ...v pri \SI{40}{\micro}s in \SI{55}{\micro}
                                                  s. Po ponovitvah sem ugoto...

? 

! Package siunitx Error: Prefix with no unit.

Type <return> to continue.
 ...                                              
                                                  
l.424 ...ndard dovoljuje maksimalno \SI{20}{\nano}
                                                  s deviacije asovne konst...

? 

Overfull \hbox (2.61108pt too wide) has occurred while \output is active
[] 
 []

[12pdfTeX warning (ext4): destination with the same identifier (name{figure.4.2
}) has been already used, duplicate ignored
<argument> ...shipout:D \box_use:N \l_shipout_box 
                                                  
l.426 
       <C:/Users/vo141609/OneDrive - Renishaw plc/Documents/Diplomska Naloga/ES
DSimulator v2/Slike/MedlerElectronicsRele.png>]

! Package siunitx Error: Prefix with no unit.

Type <return> to continue.
 ...                                              
                                                  
l.427 ...naih primerih bi bile od \SI{12}{\nano}
                                                  s do \SI{25}{\nano}s. Kar ...

? 

! Package siunitx Error: Prefix with no unit.

Type <return> to continue.
 ...                                              
                                                  
l.427 ...bile od \SI{12}{\nano}s do \SI{25}{\nano}
                                                  s. Kar je precej ve kot ...

? 

! Package siunitx Error: Prefix with no unit.

Type <return> to continue.
 ...                                              
                                                  
l.427 ...}s. Kar je precej ve kot \SI{10}{\nano}
                                                  s kot jih zahteva standard...

? 

! Package siunitx Error: Prefix with no unit.

Type <return> to continue.
 ...                                              
                                                  
l.428 ...jo tipini odpiralni as \SI{55}{\nano}
                                                  s kar je e vedno 5.5 kra...

? 
Missing character: There is no ; in font nullfont!

Underfull \vbox (badness 10000) has occurred while \output is active []


Overfull \hbox (2.61108pt too wide) has occurred while \output is active
[] 
 []

[13]

LaTeX Warning: Citation `doi:10.1063/1.1143294' on page 14 undefined on input l
ine 470.



pdfTeX warning: pdflatex (file C:/Users/vo141609/OneDrive - Renishaw plc/Docume
nts/Diplomska Naloga/ESDSimulator v2/Sheme/StikaloSolenoidVerzija1.pdf): PDF in
clusion: found PDF version <1.7>, but at most version <1.5> allowed
<Sheme/StikaloSolenoidVerzija1.pdf, id=179, 542.77782pt x 156.585pt>
File: Sheme/StikaloSolenoidVerzija1.pdf Graphic file (type pdf)
<use Sheme/StikaloSolenoidVerzija1.pdf>
Package pdftex.def Info: Sheme/StikaloSolenoidVerzija1.pdf  used on input line 
477.
(pdftex.def)             Requested size: 412.56496pt x 119.02493pt.


pdfTeX warning: pdflatex (file C:/Users/vo141609/OneDrive - Renishaw plc/Docume
nts/Diplomska Naloga/ESDSimulator v2/Sheme/StikaloSolenoidVerzija2.pdf): PDF in
clusion: found PDF version <1.7>, but at most version <1.5> allowed
<Sheme/StikaloSolenoidVerzija2.pdf, id=180, 536.0025pt x 156.585pt>
File: Sheme/StikaloSolenoidVerzija2.pdf Graphic file (type pdf)
<use Sheme/StikaloSolenoidVerzija2.pdf>
Package pdftex.def Info: Sheme/StikaloSolenoidVerzija2.pdf  used on input line 
484.
(pdftex.def)             Requested size: 412.56496pt x 120.52303pt.

Underfull \vbox (badness 2529) has occurred while \output is active []


Overfull \hbox (2.61108pt too wide) has occurred while \output is active
[] 
 []

[14pdfTeX warning (ext4): destination with the same identifier (name{figure.4.3
}) has been already used, duplicate ignored
<argument> ...shipout:D \box_use:N \l_shipout_box 
                                                  
l.487 
      pdfTeX warning (ext4): destination with the same identifier (name{figure.
4.4}) has been already used, duplicate ignored
<argument> ...shipout:D \box_use:N \l_shipout_box 
                                                  
l.487 
       <C:/Users/vo141609/OneDrive - Renishaw plc/Documents/Diplomska Naloga/ES
DSimulator v2/Sheme/StikaloSolenoidVerzija1.pdf>]

pdfTeX warning: pdflatex (file C:/Users/vo141609/OneDrive - Renishaw plc/Docume
nts/Diplomska Naloga/ESDSimulator v2/Sheme/StikaloServoVerzija1.pdf): PDF inclu
sion: found PDF version <1.7>, but at most version <1.5> allowed
<Sheme/StikaloServoVerzija1.pdf, id=197, 496.85625pt x 304.13625pt>
File: Sheme/StikaloServoVerzija1.pdf Graphic file (type pdf)
<use Sheme/StikaloServoVerzija1.pdf>
Package pdftex.def Info: Sheme/StikaloServoVerzija1.pdf  used on input line 491
.
(pdftex.def)             Requested size: 412.56496pt x 252.54439pt.


pdfTeX warning: pdflatex (file C:/Users/vo141609/OneDrive - Renishaw plc/Docume
nts/Diplomska Naloga/ESDSimulator v2/Sheme/StikaloServoVerzija2.pdf): PDF inclu
sion: found PDF version <1.7>, but at most version <1.5> allowed
<Sheme/StikaloServoVerzija2.pdf, id=198, 572.1375pt x 316.18124pt>
File: Sheme/StikaloServoVerzija2.pdf Graphic file (type pdf)
<use Sheme/StikaloServoVerzija2.pdf>
Package pdftex.def Info: Sheme/StikaloServoVerzija2.pdf  used on input line 498
.
(pdftex.def)             Requested size: 412.56496pt x 227.99768pt.

Underfull \vbox (badness 3679) has occurred while \output is active []


Overfull \hbox (2.61108pt too wide) has occurred while \output is active
[] 
 []

[15pdfTeX warning (ext4): destination with the same identifier (name{figure.4.5
}) has been already used, duplicate ignored
<argument> ...shipout:D \box_use:N \l_shipout_box 
                                                  
l.501 \end{enumerate}
                     pdfTeX warning (ext4): destination with the same identifie
r (name{figure.4.6}) has been already used, duplicate ignored
<argument> ...shipout:D \box_use:N \l_shipout_box 
                                                  
l.501 \end{enumerate}
                      <C:/Users/vo141609/OneDrive - Renishaw plc/Documents/Dipl
omska Naloga/ESDSimulator v2/Sheme/StikaloSolenoidVerzija2.pdf> <C:/Users/vo141
609/OneDrive - Renishaw plc/Documents/Diplomska Naloga/ESDSimulator v2/Sheme/St
ikaloServoVerzija1.pdf

pdfTeX warning: pdflatex (file C:/Users/vo141609/OneDrive - Renishaw plc/Docume
nts/Diplomska Naloga/ESDSimulator v2/Sheme/StikaloServoVerzija1.pdf): PDF inclu
sion: multiple pdfs with page group included in a single page
>]
<Slike/ServoStikalo1/ServoStikalo1.png, id=223, 803.0pt x 481.8pt>
File: Slike/ServoStikalo1/ServoStikalo1.png Graphic file (type png)
<use Slike/ServoStikalo1/ServoStikalo1.png>
Package pdftex.def Info: Slike/ServoStikalo1/ServoStikalo1.png  used on input l
ine 511.
(pdftex.def)             Requested size: 412.56496pt x 247.5453pt.

Underfull \vbox (badness 10000) has occurred while \output is active []


Overfull \hbox (2.61108pt too wide) has occurred while \output is active
[] 
 []

[16pdfTeX warning (ext4): destination with the same identifier (name{figure.4.7
}) has been already used, duplicate ignored
<argument> ...shipout:D \box_use:N \l_shipout_box 
                                                  
l.514 
       <C:/Users/vo141609/OneDrive - Renishaw plc/Documents/Diplomska Naloga/ES
DSimulator v2/Sheme/StikaloServoVerzija2.pdf>]
<Slike/ServoStikalo1/ServoStikalo1povecano.png, id=237, 803.0pt x 481.8pt>
File: Slike/ServoStikalo1/ServoStikalo1povecano.png Graphic file (type png)
<use Slike/ServoStikalo1/ServoStikalo1povecano.png>
Package pdftex.def Info: Slike/ServoStikalo1/ServoStikalo1povecano.png  used on
 input line 517.
(pdftex.def)             Requested size: 412.56496pt x 247.5453pt.

Underfull \vbox (badness 10000) has occurred while \output is active []


Overfull \hbox (2.61108pt too wide) has occurred while \output is active
[] 
 []

[17pdfTeX warning (ext4): destination with the same identifier (name{figure.4.8
}) has been already used, duplicate ignored
<argument> ...shipout:D \box_use:N \l_shipout_box 
                                                  
l.520 
       <C:/Users/vo141609/OneDrive - Renishaw plc/Documents/Diplomska Naloga/ES
DSimulator v2/Slike/ServoStikalo1/ServoStikalo1.png (PNG copy)>]
Overfull \hbox (2.61108pt too wide) has occurred while \output is active
[] 
 []

[18pdfTeX warning (ext4): destination with the same identifier (name{figure.4.9
}) has been already used, duplicate ignored
<argument> ...shipout:D \box_use:N \l_shipout_box 
                                                  
l.525 \end{document}
                     <C:/Users/vo141609/OneDrive - Renishaw plc/Documents/Diplo
mska Naloga/ESDSimulator v2/Slike/ServoStikalo1/ServoStikalo1povecano.png (PNG 
copy)>] (ESDSimulator.aux)

LaTeX Warning: There were undefined references.


LaTeX Warning: Label(s) may have changed. Rerun to get cross-references right.


Package rerunfilecheck Warning: File `ESDSimulator.out' has changed.
(rerunfilecheck)                Rerun to get outlines right
(rerunfilecheck)                or use package `bookmark'.

Package rerunfilecheck Info: Checksums for `ESDSimulator.out':
(rerunfilecheck)             Before: <no file>
(rerunfilecheck)             After:  F2F81282D662CCE5FD4D7CFB85850B99;706.
 ) 
Here is how much of TeX's memory you used:
 45968 strings out of 479624
 1020603 string characters out of 2863723
 1441369 words of memory out of 3000000
 62426 multiletter control sequences out of 15000+200000
 417943 words of font info for 77 fonts, out of 3000000 for 9000
 1141 hyphenation exceptions out of 8191
 97i,12n,94p,1670b,2371s stack positions out of 5000i,500n,10000p,200000b,50000s
 <C:\Users\vo141609\AppData\Local\MiKTeX\fonts/pk/ljfour/jknappen/ec/dpi600\t
crm1200.pk><C:/Users/vo141609/AppData/Local/Programs/MiKTeX/fonts/type1/public/
amsfonts/cm/cmbx12.pfb><C:/Users/vo141609/AppData/Local/Programs/MiKTeX/fonts/t
ype1/public/amsfonts/cm/cmbxti10.pfb><C:/Users/vo141609/AppData/Local/Programs/
MiKTeX/fonts/type1/public/amsfonts/cm/cmex10.pfb><C:/Users/vo141609/AppData/Loc
al/Programs/MiKTeX/fonts/type1/public/amsfonts/cm/cmmi12.pfb><C:/Users/vo141609
/AppData/Local/Programs/MiKTeX/fonts/type1/public/amsfonts/cm/cmmi8.pfb><C:/Use
rs/vo141609/AppData/Local/Programs/MiKTeX/fonts/type1/public/amsfonts/cm/cmr12.
pfb><C:/Users/vo141609/AppData/Local/Programs/MiKTeX/fonts/type1/public/amsfont
s/cm/cmr17.pfb><C:/Users/vo141609/AppData/Local/Programs/MiKTeX/fonts/type1/pub
lic/amsfonts/cm/cmr8.pfb><C:/Users/vo141609/AppData/Local/Programs/MiKTeX/fonts
/type1/public/amsfonts/cm/cmsl12.pfb><C:/Users/vo141609/AppData/Local/Programs/
MiKTeX/fonts/type1/public/amsfonts/cm/cmsy10.pfb>
Output written on ESDSimulator.pdf (34 pages, 482445 bytes).
PDF statistics:
 312 PDF objects out of 1000 (max. 8388607)
 67 named destinations out of 1000 (max. 500000)
 65 words of extra memory for PDF output out of 10000 (max. 10000000)

